Arguments: 
  C:\Program Files\nodejs\node.exe C:\Program Files (x86)\Yarn\bin\yarn.js install

PATH: 
  C:\WINDOWS\system32;C:\WINDOWS;C:\WINDOWS\System32\Wbem;C:\WINDOWS\System32\WindowsPowerShell\v1.0\;C:\Program Files\nodejs\;C:\Program Files (x86)\Yarn\bin;C:\Program Files\MySQL\MySQL Utilities 1.6\;C:\Ruby24-x64\bin;C:\Users\bo\AppData\Local\Microsoft\WindowsApps;C:\Users\bo\AppData\Local\GitHubDesktop\bin;C:\Users\bo\AppData\Roaming\npm;C:\Users\bo\AppData\Local\Yarn\bin

Yarn version: 
  1.3.2

Node version: 
  9.6.1

Platform: 
  win32 x64

npm manifest: 
  {
    "name": "react-family",
    "version": "1.0.0",
    "description": "react全家桶",
    "main": "index.js",
    "scripts": {
      "test": "echo \"Error: no test specified\" && exit 1",
      "dev-build": "webpack --config webpack.dev.config.js",
      "start": "webpack-dev-server --config webpack.dev.config.js --color --progress --hot",
      "build": "webpack --config webpack.config.js",
      "mock": "json-server mock/mock.js --watch --port 8090",
      "mockdev": "npm run mock & npm start"
    },
    "keywords": [
      "react",
      "redux",
      "react-router",
      "webpack",
      "es6",
      "react-family"
    ],
    "author": "brickspert",
    "license": "ISC",
    "devDependencies": {
      "babel-core": "^6.26.0",
      "babel-loader": "^7.1.2",
      "babel-plugin-transform-runtime": "^6.23.0",
      "babel-polyfill": "^6.26.0",
      "babel-preset-es2015": "^6.24.1",
      "babel-preset-react": "^6.24.1",
      "babel-preset-stage-0": "^6.24.1",
      "bundle-loader": "^0.5.5",
      "clean-webpack-plugin": "^0.1.16",
      "css-loader": "^0.28.7",
      "extract-text-webpack-plugin": "^3.0.0",
      "file-loader": "^0.11.2",
      "html-webpack-plugin": "^2.30.1",
      "json-server": "^0.12.1",
      "mockjs": "^1.0.1-beta3",
      "postcss-cssnext": "^3.0.2",
      "postcss-loader": "^2.0.6",
      "react-hot-loader": "^4.0.0-beta.21",
      "style-loader": "^0.18.2",
      "uglifyjs-webpack-plugin": "^0.4.6",
      "url-loader": "^0.5.9",
      "webpack": "^3.5.5",
      "webpack-dev-server": "^2.7.1",
      "webpack-merge": "^4.1.0"
    },
    "dependencies": {
      "axios": "^0.16.2",
      "react": "^15.6.1",
      "react-dom": "^15.6.1",
      "react-redux": "^5.0.6",
      "react-router-dom": "^4.2.2",
      "redux": "^3.7.2",
      "redux-thunk": "^2.2.0"
    }
  }

yarn manifest: 
  No manifest

Lockfile: 
  No lockfile

Trace: 
  Error: connect ECONNREFUSED 114.55.80.225:80
      at Object._errnoException (util.js:1003:13)
      at _exceptionWithHostPort (util.js:1024:20)
      at TCPConnectWrap.afterConnect [as oncomplete] (net.js:1181:14)
